<?xml version="1.0" encoding="UTF-8"?>
<!-- Generated by org.testng.reporters.JUnitXMLReporter -->
<testsuite ignored="0" hostname="DESKTOP-2IFVM62" failures="0" tests="29" name="RegressionTest" time="139.69" errors="0" timestamp="2022-08-24T05:55:56 PDT">
  <testcase classname="com.obsqura.scripts.TestClass" name="verify_invalidLogin_using_dataprovider" time="2.297"/>
  <testcase classname="com.obsqura.scripts.TestClass" name="Login_with_incorrectUsername_and_incorrectpassword" time="9.484"/>
  <testcase classname="com.obsqura.scripts.TestClass" name="verifyLogin_with_no_username_and_password" time="2.419"/>
  <testcase classname="com.obsqura.scripts.TestClass" name="verifyResetitButton" time="1.86"/>
  <testcase classname="com.obsqura.scripts.TestClass" name="verifyResetPassword_WithInvalidEmailId" time="2.113"/>
  <testcase classname="com.obsqura.scripts.TestClass" name="verifyEmailId_inResetPassword" time="2.334"/>
  <testcase classname="com.obsqura.scripts.TestClass" name="verify_Login_with_correctUsername_and_password" time="2.332"/>
  <testcase classname="com.obsqura.scripts.TestClass" name="verifyDashBoardButton" time="4.134"/>
  <testcase classname="com.obsqura.scripts.TestClass" name="verifyCompanyButton" time="1.047"/>
  <testcase classname="com.obsqura.scripts.TestClass" name="verifyClientsButton" time="3.253"/>
  <testcase classname="com.obsqura.scripts.TestClass" name="verifyWorkersButton" time="2.199"/>
  <testcase classname="com.obsqura.scripts.TestClass" name="verifyDeductionButton" time="1.9"/>
  <testcase classname="com.obsqura.scripts.TestClass" name="verifyTimeSheetButton" time="2.906"/>
  <testcase classname="com.obsqura.scripts.TestClass" name="verifyPayslipButton" time="1.794"/>
  <testcase classname="com.obsqura.scripts.TestClass" name="verifyInvoiceButton" time="2.107"/>
  <testcase classname="com.obsqura.scripts.TestClass" name="verifyReportButton" time="5.892"/>
  <testcase classname="com.obsqura.scripts.TestClass" name="verifySettingsButton" time="1.828"/>
  <testcase classname="com.obsqura.scripts.TestClass" name="verifyCarolThomasButton" time="1.228"/>
  <testcase classname="com.obsqura.scripts.TestClass" name="verifyViewProfile_inCarolThomasButton" time="2.531"/>
  <testcase classname="com.obsqura.scripts.TestClass" name="verifyLogout_inCarolThomasButton" time="3.482"/>
  <testcase classname="com.obsqura.scripts.TestClass" name="verify_search_ValidClient" time="7.205"/>
  <testcase classname="com.obsqura.scripts.TestClass" name="verify_search_ValidClient_UsingValidNameOnly" time="2.326"/>
  <testcase classname="com.obsqura.scripts.TestClass" name="verifySearch_ValidClient_UsingValidIDOnly" time="2.409"/>
  <testcase classname="com.obsqura.scripts.TestClass" name="verifySearchClient_Using_InValidName_and_ID" time="3.056"/>
  <testcase classname="com.obsqura.scripts.TestClass" name="verify_CreateNewClientButton" time="4.08"/>
  <testcase classname="com.obsqura.scripts.TestClass" name="verify_User_can_CreateNew_Client_with_mandatory_fields" time="7.688"/>
  <testcase classname="com.obsqura.scripts.TestClass" name="verify_user_can_search_ValidWorker" time="6.128"/>
  <testcase classname="com.obsqura.scripts.TestClass" name="verify_CreateNewWorkerButton" time="8.033"/>
  <testcase classname="com.obsqura.scripts.TestClass" name="verify_user_able_to_CreateNewWorker_with_mandatoryFields" time="6.208"/>
</testsuite> <!-- RegressionTest -->
