<?xml version="1.0" encoding="UTF-8"?>
<testsuite xmlns:xsi="http://www.w3.org/2001/XMLSchema-instance" xsi:noNamespaceSchemaLocation="https://maven.apache.org/surefire/maven-surefire-plugin/xsd/surefire-test-report-3.0.xsd" version="3.0" name="TestSuite" time="141.156" tests="29" errors="0" skipped="0" failures="0">
  <properties>
[...]
</properties>
  <testcase name="verify_invalidLogin_using_dataprovider[1q2w3e4r](1)" classname="com.obsqura.scripts.TestClass" time="2.238">
    <system-err><![CDATA[SLF4J: Failed to load class "org.slf4j.impl.StaticLoggerBinder".
SLF4J: Defaulting to no-operation (NOP) logger implementation
SLF4J: See http://www.slf4j.org/codes.html#StaticLoggerBinder for further details.
Starting ChromeDriver 103.0.5060.53 (a1711811edd74ff1cf2150f36ffa3b0dae40b17f-refs/branch-heads/5060@{#853}) on port 58558
Only local connections are allowed.
Please see https://chromedriver.chromium.org/security-considerations for suggestions on keeping ChromeDriver safe.
ChromeDriver was started successfully.
[1661345621.320][WARNING]: This version of ChromeDriver has not been tested with Chrome version 104.
Aug 24, 2022 5:53:43 AM org.openqa.selenium.remote.ProtocolHandshake createSession
INFO: Detected upstream dialect: W3C
Aug 24, 2022 5:53:44 AM org.openqa.selenium.devtools.CdpVersionFinder findNearestMatch
WARNING: Unable to find an exact match for CDP version 104, so returning the closest version found: 103
Aug 24, 2022 5:53:44 AM org.openqa.selenium.devtools.CdpVersionFinder findNearestMatch
INFO: Found CDP implementation for version 104 of 103
]]></system-err>
  </testcase>
  <testcase name="Login_with_incorrectUsername_and_incorrectpassword" classname="com.obsqura.scripts.TestClass" time="9.484"/>
  <testcase name="verifyLogin_with_no_username_and_password" classname="com.obsqura.scripts.TestClass" time="2.417"/>
  <testcase name="verifyResetitButton" classname="com.obsqura.scripts.TestClass" time="1.858"/>
  <testcase name="verifyResetPassword_WithInvalidEmailId" classname="com.obsqura.scripts.TestClass" time="2.113"/>
  <testcase name="verifyEmailId_inResetPassword" classname="com.obsqura.scripts.TestClass" time="2.335"/>
  <testcase name="verify_Login_with_correctUsername_and_password" classname="com.obsqura.scripts.TestClass" time="2.332"/>
  <testcase name="verifyDashBoardButton" classname="com.obsqura.scripts.TestClass" time="4.134"/>
  <testcase name="verifyCompanyButton" classname="com.obsqura.scripts.TestClass" time="1.056"/>
  <testcase name="verifyClientsButton" classname="com.obsqura.scripts.TestClass" time="3.248"/>
  <testcase name="verifyWorkersButton" classname="com.obsqura.scripts.TestClass" time="2.199"/>
  <testcase name="verifyDeductionButton" classname="com.obsqura.scripts.TestClass" time="1.9"/>
  <testcase name="verifyTimeSheetButton" classname="com.obsqura.scripts.TestClass" time="2.907"/>
  <testcase name="verifyPayslipButton" classname="com.obsqura.scripts.TestClass" time="1.794"/>
  <testcase name="verifyInvoiceButton" classname="com.obsqura.scripts.TestClass" time="2.107"/>
  <testcase name="verifyReportButton" classname="com.obsqura.scripts.TestClass" time="5.891"/>
  <testcase name="verifySettingsButton" classname="com.obsqura.scripts.TestClass" time="1.829"/>
  <testcase name="verifyCarolThomasButton" classname="com.obsqura.scripts.TestClass" time="1.228"/>
  <testcase name="verifyViewProfile_inCarolThomasButton" classname="com.obsqura.scripts.TestClass" time="2.53"/>
  <testcase name="verifyLogout_inCarolThomasButton" classname="com.obsqura.scripts.TestClass" time="3.482"/>
  <testcase name="verify_search_ValidClient" classname="com.obsqura.scripts.TestClass" time="7.205"/>
  <testcase name="verify_search_ValidClient_UsingValidNameOnly" classname="com.obsqura.scripts.TestClass" time="2.326"/>
  <testcase name="verifySearch_ValidClient_UsingValidIDOnly" classname="com.obsqura.scripts.TestClass" time="2.408"/>
  <testcase name="verifySearchClient_Using_InValidName_and_ID" classname="com.obsqura.scripts.TestClass" time="3.052"/>
  <testcase name="verify_CreateNewClientButton" classname="com.obsqura.scripts.TestClass" time="4.082"/>
  <testcase name="verify_User_can_CreateNew_Client_with_mandatory_fields" classname="com.obsqura.scripts.TestClass" time="7.688"/>
  <testcase name="verify_user_can_search_ValidWorker" classname="com.obsqura.scripts.TestClass" time="6.135"/>
  <testcase name="verify_CreateNewWorkerButton" classname="com.obsqura.scripts.TestClass" time="8.03"/>
  <testcase name="verify_user_able_to_CreateNewWorker_with_mandatoryFields" classname="com.obsqura.scripts.TestClass" time="6.21"/>
</testsuite>