<?xml version="1.0" encoding="UTF-8"?>
<testng-results ignored="0" total="29" passed="29" failed="0" skipped="0">
  <reporter-output>
  </reporter-output>
  <suite started-at="2022-08-24T05:53:36 PDT" name="Suite" finished-at="2022-08-24T05:55:56 PDT" duration-ms="139690">
    <groups>
    </groups>
    <test started-at="2022-08-24T05:53:36 PDT" name="RegressionTest" finished-at="2022-08-24T05:55:56 PDT" duration-ms="139690">
      <class name="com.obsqura.scripts.TestClass">
        <test-method is-config="true" signature="setUp(java.lang.String)[pri:0, instance:com.obsqura.scripts.TestClass@4d1bf319]" started-at="2022-08-24T05:53:36 PDT" name="setUp" finished-at="2022-08-24T05:54:11 PDT" duration-ms="35223" status="PASS">
          <params>
            <param index="0">
              <value>
                <![CDATA[chrome]]>
              </value>
            </param>
          </params>
          <reporter-output>
          </reporter-output>
        </test-method> <!-- setUp -->
        <test-method signature="verify_invalidLogin_using_dataprovider(java.lang.String)[pri:0, instance:com.obsqura.scripts.TestClass@4d1bf319]" started-at="2022-08-24T05:54:11 PDT" name="verify_invalidLogin_using_dataprovider" data-provider="dataProvider1" finished-at="2022-08-24T05:54:13 PDT" duration-ms="2297" status="PASS">
          <params>
            <param index="0">
              <value>
                <![CDATA[1q2w3e4r]]>
              </value>
            </param>
          </params>
          <reporter-output>
          </reporter-output>
        </test-method> <!-- verify_invalidLogin_using_dataprovider -->
        <test-method is-config="true" signature="tearDown(org.testng.ITestResult)[pri:0, instance:com.obsqura.scripts.TestClass@4d1bf319]" started-at="2022-08-24T05:54:13 PDT" name="tearDown" finished-at="2022-08-24T05:54:13 PDT" duration-ms="2" status="PASS">
          <params>
            <param index="0">
              <value>
                <![CDATA[[TestResult name=verify_invalidLogin_using_dataprovider status=SUCCESS method=TestClass.verify_invalidLogin_using_dataprovider(java.lang.String)[pri:0, instance:com.obsqura.scripts.TestClass@4d1bf319] output={null}]]]>
              </value>
            </param>
          </params>
          <reporter-output>
          </reporter-output>
        </test-method> <!-- tearDown -->
        <test-method signature="Login_with_incorrectUsername_and_incorrectpassword()[pri:1, instance:com.obsqura.scripts.TestClass@4d1bf319]" started-at="2022-08-24T05:54:13 PDT" name="Login_with_incorrectUsername_and_incorrectpassword" finished-at="2022-08-24T05:54:23 PDT" duration-ms="9484" status="PASS">
          <reporter-output>
          </reporter-output>
        </test-method> <!-- Login_with_incorrectUsername_and_incorrectpassword -->
        <test-method is-config="true" signature="tearDown(org.testng.ITestResult)[pri:0, instance:com.obsqura.scripts.TestClass@4d1bf319]" started-at="2022-08-24T05:54:23 PDT" name="tearDown" finished-at="2022-08-24T05:54:23 PDT" duration-ms="1" status="PASS">
          <params>
            <param index="0">
              <value>
                <![CDATA[[TestResult name=Login_with_incorrectUsername_and_incorrectpassword status=SUCCESS method=TestClass.Login_with_incorrectUsername_and_incorrectpassword()[pri:1, instance:com.obsqura.scripts.TestClass@4d1bf319] output={null}]]]>
              </value>
            </param>
          </params>
          <reporter-output>
          </reporter-output>
        </test-method> <!-- tearDown -->
        <test-method signature="verifyLogin_with_no_username_and_password()[pri:2, instance:com.obsqura.scripts.TestClass@4d1bf319]" started-at="2022-08-24T05:54:23 PDT" name="verifyLogin_with_no_username_and_password" finished-at="2022-08-24T05:54:25 PDT" duration-ms="2419" status="PASS">
          <reporter-output>
          </reporter-output>
        </test-method> <!-- verifyLogin_with_no_username_and_password -->
        <test-method is-config="true" signature="tearDown(org.testng.ITestResult)[pri:0, instance:com.obsqura.scripts.TestClass@4d1bf319]" started-at="2022-08-24T05:54:25 PDT" name="tearDown" finished-at="2022-08-24T05:54:25 PDT" duration-ms="1" status="PASS">
          <params>
            <param index="0">
              <value>
                <![CDATA[[TestResult name=verifyLogin_with_no_username_and_password status=SUCCESS method=TestClass.verifyLogin_with_no_username_and_password()[pri:2, instance:com.obsqura.scripts.TestClass@4d1bf319] output={null}]]]>
              </value>
            </param>
          </params>
          <reporter-output>
          </reporter-output>
        </test-method> <!-- tearDown -->
        <test-method signature="verifyResetitButton()[pri:3, instance:com.obsqura.scripts.TestClass@4d1bf319]" started-at="2022-08-24T05:54:25 PDT" name="verifyResetitButton" finished-at="2022-08-24T05:54:27 PDT" duration-ms="1860" status="PASS">
          <reporter-output>
          </reporter-output>
        </test-method> <!-- verifyResetitButton -->
        <test-method is-config="true" signature="tearDown(org.testng.ITestResult)[pri:0, instance:com.obsqura.scripts.TestClass@4d1bf319]" started-at="2022-08-24T05:54:27 PDT" name="tearDown" finished-at="2022-08-24T05:54:27 PDT" duration-ms="0" status="PASS">
          <params>
            <param index="0">
              <value>
                <![CDATA[[TestResult name=verifyResetitButton status=SUCCESS method=TestClass.verifyResetitButton()[pri:3, instance:com.obsqura.scripts.TestClass@4d1bf319] output={null}]]]>
              </value>
            </param>
          </params>
          <reporter-output>
          </reporter-output>
        </test-method> <!-- tearDown -->
        <test-method signature="verifyResetPassword_WithInvalidEmailId()[pri:4, instance:com.obsqura.scripts.TestClass@4d1bf319]" started-at="2022-08-24T05:54:27 PDT" name="verifyResetPassword_WithInvalidEmailId" finished-at="2022-08-24T05:54:29 PDT" duration-ms="2113" status="PASS">
          <reporter-output>
          </reporter-output>
        </test-method> <!-- verifyResetPassword_WithInvalidEmailId -->
        <test-method is-config="true" signature="tearDown(org.testng.ITestResult)[pri:0, instance:com.obsqura.scripts.TestClass@4d1bf319]" started-at="2022-08-24T05:54:29 PDT" name="tearDown" finished-at="2022-08-24T05:54:29 PDT" duration-ms="1" status="PASS">
          <params>
            <param index="0">
              <value>
                <![CDATA[[TestResult name=verifyResetPassword_WithInvalidEmailId status=SUCCESS method=TestClass.verifyResetPassword_WithInvalidEmailId()[pri:4, instance:com.obsqura.scripts.TestClass@4d1bf319] output={null}]]]>
              </value>
            </param>
          </params>
          <reporter-output>
          </reporter-output>
        </test-method> <!-- tearDown -->
        <test-method signature="verifyEmailId_inResetPassword()[pri:5, instance:com.obsqura.scripts.TestClass@4d1bf319]" started-at="2022-08-24T05:54:29 PDT" name="verifyEmailId_inResetPassword" finished-at="2022-08-24T05:54:32 PDT" duration-ms="2334" status="PASS">
          <reporter-output>
          </reporter-output>
        </test-method> <!-- verifyEmailId_inResetPassword -->
        <test-method is-config="true" signature="tearDown(org.testng.ITestResult)[pri:0, instance:com.obsqura.scripts.TestClass@4d1bf319]" started-at="2022-08-24T05:54:32 PDT" name="tearDown" finished-at="2022-08-24T05:54:32 PDT" duration-ms="0" status="PASS">
          <params>
            <param index="0">
              <value>
                <![CDATA[[TestResult name=verifyEmailId_inResetPassword status=SUCCESS method=TestClass.verifyEmailId_inResetPassword()[pri:5, instance:com.obsqura.scripts.TestClass@4d1bf319] output={null}]]]>
              </value>
            </param>
          </params>
          <reporter-output>
          </reporter-output>
        </test-method> <!-- tearDown -->
        <test-method signature="verify_Login_with_correctUsername_and_password()[pri:6, instance:com.obsqura.scripts.TestClass@4d1bf319]" started-at="2022-08-24T05:54:32 PDT" name="verify_Login_with_correctUsername_and_password" finished-at="2022-08-24T05:54:34 PDT" duration-ms="2332" status="PASS">
          <reporter-output>
          </reporter-output>
        </test-method> <!-- verify_Login_with_correctUsername_and_password -->
        <test-method is-config="true" signature="tearDown(org.testng.ITestResult)[pri:0, instance:com.obsqura.scripts.TestClass@4d1bf319]" started-at="2022-08-24T05:54:34 PDT" name="tearDown" finished-at="2022-08-24T05:54:34 PDT" duration-ms="1" status="PASS">
          <params>
            <param index="0">
              <value>
                <![CDATA[[TestResult name=verify_Login_with_correctUsername_and_password status=SUCCESS method=TestClass.verify_Login_with_correctUsername_and_password()[pri:6, instance:com.obsqura.scripts.TestClass@4d1bf319] output={null}]]]>
              </value>
            </param>
          </params>
          <reporter-output>
          </reporter-output>
        </test-method> <!-- tearDown -->
        <test-method signature="verifyDashBoardButton()[pri:7, instance:com.obsqura.scripts.TestClass@4d1bf319]" started-at="2022-08-24T05:54:34 PDT" name="verifyDashBoardButton" finished-at="2022-08-24T05:54:38 PDT" duration-ms="4134" status="PASS">
          <reporter-output>
          </reporter-output>
        </test-method> <!-- verifyDashBoardButton -->
        <test-method is-config="true" signature="tearDown(org.testng.ITestResult)[pri:0, instance:com.obsqura.scripts.TestClass@4d1bf319]" started-at="2022-08-24T05:54:38 PDT" name="tearDown" finished-at="2022-08-24T05:54:38 PDT" duration-ms="0" status="PASS">
          <params>
            <param index="0">
              <value>
                <![CDATA[[TestResult name=verifyDashBoardButton status=SUCCESS method=TestClass.verifyDashBoardButton()[pri:7, instance:com.obsqura.scripts.TestClass@4d1bf319] output={null}]]]>
              </value>
            </param>
          </params>
          <reporter-output>
          </reporter-output>
        </test-method> <!-- tearDown -->
        <test-method signature="verifyCompanyButton()[pri:8, instance:com.obsqura.scripts.TestClass@4d1bf319]" started-at="2022-08-24T05:54:38 PDT" name="verifyCompanyButton" finished-at="2022-08-24T05:54:39 PDT" duration-ms="1047" status="PASS">
          <reporter-output>
          </reporter-output>
        </test-method> <!-- verifyCompanyButton -->
        <test-method is-config="true" signature="tearDown(org.testng.ITestResult)[pri:0, instance:com.obsqura.scripts.TestClass@4d1bf319]" started-at="2022-08-24T05:54:39 PDT" name="tearDown" finished-at="2022-08-24T05:54:39 PDT" duration-ms="1" status="PASS">
          <params>
            <param index="0">
              <value>
                <![CDATA[[TestResult name=verifyCompanyButton status=SUCCESS method=TestClass.verifyCompanyButton()[pri:8, instance:com.obsqura.scripts.TestClass@4d1bf319] output={null}]]]>
              </value>
            </param>
          </params>
          <reporter-output>
          </reporter-output>
        </test-method> <!-- tearDown -->
        <test-method signature="verifyClientsButton()[pri:9, instance:com.obsqura.scripts.TestClass@4d1bf319]" started-at="2022-08-24T05:54:39 PDT" name="verifyClientsButton" finished-at="2022-08-24T05:54:42 PDT" duration-ms="3253" status="PASS">
          <reporter-output>
          </reporter-output>
        </test-method> <!-- verifyClientsButton -->
        <test-method is-config="true" signature="tearDown(org.testng.ITestResult)[pri:0, instance:com.obsqura.scripts.TestClass@4d1bf319]" started-at="2022-08-24T05:54:42 PDT" name="tearDown" finished-at="2022-08-24T05:54:42 PDT" duration-ms="0" status="PASS">
          <params>
            <param index="0">
              <value>
                <![CDATA[[TestResult name=verifyClientsButton status=SUCCESS method=TestClass.verifyClientsButton()[pri:9, instance:com.obsqura.scripts.TestClass@4d1bf319] output={null}]]]>
              </value>
            </param>
          </params>
          <reporter-output>
          </reporter-output>
        </test-method> <!-- tearDown -->
        <test-method signature="verifyWorkersButton()[pri:10, instance:com.obsqura.scripts.TestClass@4d1bf319]" started-at="2022-08-24T05:54:42 PDT" name="verifyWorkersButton" finished-at="2022-08-24T05:54:45 PDT" duration-ms="2199" status="PASS">
          <reporter-output>
          </reporter-output>
        </test-method> <!-- verifyWorkersButton -->
        <test-method is-config="true" signature="tearDown(org.testng.ITestResult)[pri:0, instance:com.obsqura.scripts.TestClass@4d1bf319]" started-at="2022-08-24T05:54:45 PDT" name="tearDown" finished-at="2022-08-24T05:54:45 PDT" duration-ms="1" status="PASS">
          <params>
            <param index="0">
              <value>
                <![CDATA[[TestResult name=verifyWorkersButton status=SUCCESS method=TestClass.verifyWorkersButton()[pri:10, instance:com.obsqura.scripts.TestClass@4d1bf319] output={null}]]]>
              </value>
            </param>
          </params>
          <reporter-output>
          </reporter-output>
        </test-method> <!-- tearDown -->
        <test-method signature="verifyDeductionButton()[pri:11, instance:com.obsqura.scripts.TestClass@4d1bf319]" started-at="2022-08-24T05:54:45 PDT" name="verifyDeductionButton" finished-at="2022-08-24T05:54:47 PDT" duration-ms="1900" status="PASS">
          <reporter-output>
          </reporter-output>
        </test-method> <!-- verifyDeductionButton -->
        <test-method is-config="true" signature="tearDown(org.testng.ITestResult)[pri:0, instance:com.obsqura.scripts.TestClass@4d1bf319]" started-at="2022-08-24T05:54:47 PDT" name="tearDown" finished-at="2022-08-24T05:54:47 PDT" duration-ms="0" status="PASS">
          <params>
            <param index="0">
              <value>
                <![CDATA[[TestResult name=verifyDeductionButton status=SUCCESS method=TestClass.verifyDeductionButton()[pri:11, instance:com.obsqura.scripts.TestClass@4d1bf319] output={null}]]]>
              </value>
            </param>
          </params>
          <reporter-output>
          </reporter-output>
        </test-method> <!-- tearDown -->
        <test-method signature="verifyTimeSheetButton()[pri:12, instance:com.obsqura.scripts.TestClass@4d1bf319]" started-at="2022-08-24T05:54:47 PDT" name="verifyTimeSheetButton" finished-at="2022-08-24T05:54:49 PDT" duration-ms="2906" status="PASS">
          <reporter-output>
          </reporter-output>
        </test-method> <!-- verifyTimeSheetButton -->
        <test-method is-config="true" signature="tearDown(org.testng.ITestResult)[pri:0, instance:com.obsqura.scripts.TestClass@4d1bf319]" started-at="2022-08-24T05:54:49 PDT" name="tearDown" finished-at="2022-08-24T05:54:49 PDT" duration-ms="0" status="PASS">
          <params>
            <param index="0">
              <value>
                <![CDATA[[TestResult name=verifyTimeSheetButton status=SUCCESS method=TestClass.verifyTimeSheetButton()[pri:12, instance:com.obsqura.scripts.TestClass@4d1bf319] output={null}]]]>
              </value>
            </param>
          </params>
          <reporter-output>
          </reporter-output>
        </test-method> <!-- tearDown -->
        <test-method signature="verifyPayslipButton()[pri:13, instance:com.obsqura.scripts.TestClass@4d1bf319]" started-at="2022-08-24T05:54:49 PDT" name="verifyPayslipButton" finished-at="2022-08-24T05:54:51 PDT" duration-ms="1794" status="PASS">
          <reporter-output>
          </reporter-output>
        </test-method> <!-- verifyPayslipButton -->
        <test-method is-config="true" signature="tearDown(org.testng.ITestResult)[pri:0, instance:com.obsqura.scripts.TestClass@4d1bf319]" started-at="2022-08-24T05:54:51 PDT" name="tearDown" finished-at="2022-08-24T05:54:51 PDT" duration-ms="1" status="PASS">
          <params>
            <param index="0">
              <value>
                <![CDATA[[TestResult name=verifyPayslipButton status=SUCCESS method=TestClass.verifyPayslipButton()[pri:13, instance:com.obsqura.scripts.TestClass@4d1bf319] output={null}]]]>
              </value>
            </param>
          </params>
          <reporter-output>
          </reporter-output>
        </test-method> <!-- tearDown -->
        <test-method signature="verifyInvoiceButton()[pri:14, instance:com.obsqura.scripts.TestClass@4d1bf319]" started-at="2022-08-24T05:54:51 PDT" name="verifyInvoiceButton" finished-at="2022-08-24T05:54:53 PDT" duration-ms="2107" status="PASS">
          <reporter-output>
          </reporter-output>
        </test-method> <!-- verifyInvoiceButton -->
        <test-method is-config="true" signature="tearDown(org.testng.ITestResult)[pri:0, instance:com.obsqura.scripts.TestClass@4d1bf319]" started-at="2022-08-24T05:54:53 PDT" name="tearDown" finished-at="2022-08-24T05:54:53 PDT" duration-ms="0" status="PASS">
          <params>
            <param index="0">
              <value>
                <![CDATA[[TestResult name=verifyInvoiceButton status=SUCCESS method=TestClass.verifyInvoiceButton()[pri:14, instance:com.obsqura.scripts.TestClass@4d1bf319] output={null}]]]>
              </value>
            </param>
          </params>
          <reporter-output>
          </reporter-output>
        </test-method> <!-- tearDown -->
        <test-method signature="verifyReportButton()[pri:15, instance:com.obsqura.scripts.TestClass@4d1bf319]" started-at="2022-08-24T05:54:53 PDT" name="verifyReportButton" finished-at="2022-08-24T05:54:59 PDT" duration-ms="5892" status="PASS">
          <reporter-output>
          </reporter-output>
        </test-method> <!-- verifyReportButton -->
        <test-method is-config="true" signature="tearDown(org.testng.ITestResult)[pri:0, instance:com.obsqura.scripts.TestClass@4d1bf319]" started-at="2022-08-24T05:54:59 PDT" name="tearDown" finished-at="2022-08-24T05:54:59 PDT" duration-ms="4" status="PASS">
          <params>
            <param index="0">
              <value>
                <![CDATA[[TestResult name=verifyReportButton status=SUCCESS method=TestClass.verifyReportButton()[pri:15, instance:com.obsqura.scripts.TestClass@4d1bf319] output={null}]]]>
              </value>
            </param>
          </params>
          <reporter-output>
          </reporter-output>
        </test-method> <!-- tearDown -->
        <test-method signature="verifySettingsButton()[pri:16, instance:com.obsqura.scripts.TestClass@4d1bf319]" started-at="2022-08-24T05:54:59 PDT" name="verifySettingsButton" finished-at="2022-08-24T05:55:01 PDT" duration-ms="1828" status="PASS">
          <reporter-output>
          </reporter-output>
        </test-method> <!-- verifySettingsButton -->
        <test-method is-config="true" signature="tearDown(org.testng.ITestResult)[pri:0, instance:com.obsqura.scripts.TestClass@4d1bf319]" started-at="2022-08-24T05:55:01 PDT" name="tearDown" finished-at="2022-08-24T05:55:01 PDT" duration-ms="0" status="PASS">
          <params>
            <param index="0">
              <value>
                <![CDATA[[TestResult name=verifySettingsButton status=SUCCESS method=TestClass.verifySettingsButton()[pri:16, instance:com.obsqura.scripts.TestClass@4d1bf319] output={null}]]]>
              </value>
            </param>
          </params>
          <reporter-output>
          </reporter-output>
        </test-method> <!-- tearDown -->
        <test-method signature="verifyCarolThomasButton()[pri:17, instance:com.obsqura.scripts.TestClass@4d1bf319]" started-at="2022-08-24T05:55:01 PDT" name="verifyCarolThomasButton" finished-at="2022-08-24T05:55:02 PDT" duration-ms="1228" status="PASS">
          <reporter-output>
          </reporter-output>
        </test-method> <!-- verifyCarolThomasButton -->
        <test-method is-config="true" signature="tearDown(org.testng.ITestResult)[pri:0, instance:com.obsqura.scripts.TestClass@4d1bf319]" started-at="2022-08-24T05:55:02 PDT" name="tearDown" finished-at="2022-08-24T05:55:02 PDT" duration-ms="1" status="PASS">
          <params>
            <param index="0">
              <value>
                <![CDATA[[TestResult name=verifyCarolThomasButton status=SUCCESS method=TestClass.verifyCarolThomasButton()[pri:17, instance:com.obsqura.scripts.TestClass@4d1bf319] output={null}]]]>
              </value>
            </param>
          </params>
          <reporter-output>
          </reporter-output>
        </test-method> <!-- tearDown -->
        <test-method signature="verifyViewProfile_inCarolThomasButton()[pri:18, instance:com.obsqura.scripts.TestClass@4d1bf319]" started-at="2022-08-24T05:55:02 PDT" name="verifyViewProfile_inCarolThomasButton" finished-at="2022-08-24T05:55:05 PDT" duration-ms="2531" status="PASS">
          <reporter-output>
          </reporter-output>
        </test-method> <!-- verifyViewProfile_inCarolThomasButton -->
        <test-method is-config="true" signature="tearDown(org.testng.ITestResult)[pri:0, instance:com.obsqura.scripts.TestClass@4d1bf319]" started-at="2022-08-24T05:55:05 PDT" name="tearDown" finished-at="2022-08-24T05:55:05 PDT" duration-ms="1" status="PASS">
          <params>
            <param index="0">
              <value>
                <![CDATA[[TestResult name=verifyViewProfile_inCarolThomasButton status=SUCCESS method=TestClass.verifyViewProfile_inCarolThomasButton()[pri:18, instance:com.obsqura.scripts.TestClass@4d1bf319] output={null}]]]>
              </value>
            </param>
          </params>
          <reporter-output>
          </reporter-output>
        </test-method> <!-- tearDown -->
        <test-method signature="verifyLogout_inCarolThomasButton()[pri:19, instance:com.obsqura.scripts.TestClass@4d1bf319]" started-at="2022-08-24T05:55:05 PDT" name="verifyLogout_inCarolThomasButton" finished-at="2022-08-24T05:55:08 PDT" duration-ms="3482" status="PASS">
          <reporter-output>
          </reporter-output>
        </test-method> <!-- verifyLogout_inCarolThomasButton -->
        <test-method is-config="true" signature="tearDown(org.testng.ITestResult)[pri:0, instance:com.obsqura.scripts.TestClass@4d1bf319]" started-at="2022-08-24T05:55:08 PDT" name="tearDown" finished-at="2022-08-24T05:55:08 PDT" duration-ms="0" status="PASS">
          <params>
            <param index="0">
              <value>
                <![CDATA[[TestResult name=verifyLogout_inCarolThomasButton status=SUCCESS method=TestClass.verifyLogout_inCarolThomasButton()[pri:19, instance:com.obsqura.scripts.TestClass@4d1bf319] output={null}]]]>
              </value>
            </param>
          </params>
          <reporter-output>
          </reporter-output>
        </test-method> <!-- tearDown -->
        <test-method signature="verify_search_ValidClient()[pri:20, instance:com.obsqura.scripts.TestClass@4d1bf319]" started-at="2022-08-24T05:55:08 PDT" name="verify_search_ValidClient" finished-at="2022-08-24T05:55:16 PDT" duration-ms="7205" status="PASS">
          <reporter-output>
          </reporter-output>
        </test-method> <!-- verify_search_ValidClient -->
        <test-method is-config="true" signature="tearDown(org.testng.ITestResult)[pri:0, instance:com.obsqura.scripts.TestClass@4d1bf319]" started-at="2022-08-24T05:55:16 PDT" name="tearDown" finished-at="2022-08-24T05:55:16 PDT" duration-ms="1" status="PASS">
          <params>
            <param index="0">
              <value>
                <![CDATA[[TestResult name=verify_search_ValidClient status=SUCCESS method=TestClass.verify_search_ValidClient()[pri:20, instance:com.obsqura.scripts.TestClass@4d1bf319] output={null}]]]>
              </value>
            </param>
          </params>
          <reporter-output>
          </reporter-output>
        </test-method> <!-- tearDown -->
        <test-method signature="verify_search_ValidClient_UsingValidNameOnly()[pri:21, instance:com.obsqura.scripts.TestClass@4d1bf319]" started-at="2022-08-24T05:55:16 PDT" name="verify_search_ValidClient_UsingValidNameOnly" finished-at="2022-08-24T05:55:18 PDT" duration-ms="2326" status="PASS">
          <reporter-output>
          </reporter-output>
        </test-method> <!-- verify_search_ValidClient_UsingValidNameOnly -->
        <test-method is-config="true" signature="tearDown(org.testng.ITestResult)[pri:0, instance:com.obsqura.scripts.TestClass@4d1bf319]" started-at="2022-08-24T05:55:18 PDT" name="tearDown" finished-at="2022-08-24T05:55:18 PDT" duration-ms="0" status="PASS">
          <params>
            <param index="0">
              <value>
                <![CDATA[[TestResult name=verify_search_ValidClient_UsingValidNameOnly status=SUCCESS method=TestClass.verify_search_ValidClient_UsingValidNameOnly()[pri:21, instance:com.obsqura.scripts.TestClass@4d1bf319] output={null}]]]>
              </value>
            </param>
          </params>
          <reporter-output>
          </reporter-output>
        </test-method> <!-- tearDown -->
        <test-method signature="verifySearch_ValidClient_UsingValidIDOnly()[pri:22, instance:com.obsqura.scripts.TestClass@4d1bf319]" started-at="2022-08-24T05:55:18 PDT" name="verifySearch_ValidClient_UsingValidIDOnly" finished-at="2022-08-24T05:55:20 PDT" duration-ms="2409" status="PASS">
          <reporter-output>
          </reporter-output>
        </test-method> <!-- verifySearch_ValidClient_UsingValidIDOnly -->
        <test-method is-config="true" signature="tearDown(org.testng.ITestResult)[pri:0, instance:com.obsqura.scripts.TestClass@4d1bf319]" started-at="2022-08-24T05:55:20 PDT" name="tearDown" finished-at="2022-08-24T05:55:20 PDT" duration-ms="1" status="PASS">
          <params>
            <param index="0">
              <value>
                <![CDATA[[TestResult name=verifySearch_ValidClient_UsingValidIDOnly status=SUCCESS method=TestClass.verifySearch_ValidClient_UsingValidIDOnly()[pri:22, instance:com.obsqura.scripts.TestClass@4d1bf319] output={null}]]]>
              </value>
            </param>
          </params>
          <reporter-output>
          </reporter-output>
        </test-method> <!-- tearDown -->
        <test-method signature="verifySearchClient_Using_InValidName_and_ID()[pri:23, instance:com.obsqura.scripts.TestClass@4d1bf319]" started-at="2022-08-24T05:55:20 PDT" name="verifySearchClient_Using_InValidName_and_ID" finished-at="2022-08-24T05:55:23 PDT" duration-ms="3056" status="PASS">
          <reporter-output>
          </reporter-output>
        </test-method> <!-- verifySearchClient_Using_InValidName_and_ID -->
        <test-method is-config="true" signature="tearDown(org.testng.ITestResult)[pri:0, instance:com.obsqura.scripts.TestClass@4d1bf319]" started-at="2022-08-24T05:55:23 PDT" name="tearDown" finished-at="2022-08-24T05:55:23 PDT" duration-ms="1" status="PASS">
          <params>
            <param index="0">
              <value>
                <![CDATA[[TestResult name=verifySearchClient_Using_InValidName_and_ID status=SUCCESS method=TestClass.verifySearchClient_Using_InValidName_and_ID()[pri:23, instance:com.obsqura.scripts.TestClass@4d1bf319] output={null}]]]>
              </value>
            </param>
          </params>
          <reporter-output>
          </reporter-output>
        </test-method> <!-- tearDown -->
        <test-method signature="verify_CreateNewClientButton()[pri:24, instance:com.obsqura.scripts.TestClass@4d1bf319]" started-at="2022-08-24T05:55:23 PDT" name="verify_CreateNewClientButton" finished-at="2022-08-24T05:55:27 PDT" duration-ms="4080" status="PASS">
          <reporter-output>
          </reporter-output>
        </test-method> <!-- verify_CreateNewClientButton -->
        <test-method is-config="true" signature="tearDown(org.testng.ITestResult)[pri:0, instance:com.obsqura.scripts.TestClass@4d1bf319]" started-at="2022-08-24T05:55:27 PDT" name="tearDown" finished-at="2022-08-24T05:55:27 PDT" duration-ms="1" status="PASS">
          <params>
            <param index="0">
              <value>
                <![CDATA[[TestResult name=verify_CreateNewClientButton status=SUCCESS method=TestClass.verify_CreateNewClientButton()[pri:24, instance:com.obsqura.scripts.TestClass@4d1bf319] output={null}]]]>
              </value>
            </param>
          </params>
          <reporter-output>
          </reporter-output>
        </test-method> <!-- tearDown -->
        <test-method signature="verify_User_can_CreateNew_Client_with_mandatory_fields()[pri:25, instance:com.obsqura.scripts.TestClass@4d1bf319]" started-at="2022-08-24T05:55:27 PDT" name="verify_User_can_CreateNew_Client_with_mandatory_fields" finished-at="2022-08-24T05:55:35 PDT" duration-ms="7688" status="PASS">
          <reporter-output>
          </reporter-output>
        </test-method> <!-- verify_User_can_CreateNew_Client_with_mandatory_fields -->
        <test-method is-config="true" signature="tearDown(org.testng.ITestResult)[pri:0, instance:com.obsqura.scripts.TestClass@4d1bf319]" started-at="2022-08-24T05:55:35 PDT" name="tearDown" finished-at="2022-08-24T05:55:35 PDT" duration-ms="0" status="PASS">
          <params>
            <param index="0">
              <value>
                <![CDATA[[TestResult name=verify_User_can_CreateNew_Client_with_mandatory_fields status=SUCCESS method=TestClass.verify_User_can_CreateNew_Client_with_mandatory_fields()[pri:25, instance:com.obsqura.scripts.TestClass@4d1bf319] output={null}]]]>
              </value>
            </param>
          </params>
          <reporter-output>
          </reporter-output>
        </test-method> <!-- tearDown -->
        <test-method signature="verify_user_can_search_ValidWorker()[pri:26, instance:com.obsqura.scripts.TestClass@4d1bf319]" started-at="2022-08-24T05:55:35 PDT" name="verify_user_can_search_ValidWorker" finished-at="2022-08-24T05:55:41 PDT" duration-ms="6128" status="PASS">
          <reporter-output>
          </reporter-output>
        </test-method> <!-- verify_user_can_search_ValidWorker -->
        <test-method is-config="true" signature="tearDown(org.testng.ITestResult)[pri:0, instance:com.obsqura.scripts.TestClass@4d1bf319]" started-at="2022-08-24T05:55:41 PDT" name="tearDown" finished-at="2022-08-24T05:55:41 PDT" duration-ms="1" status="PASS">
          <params>
            <param index="0">
              <value>
                <![CDATA[[TestResult name=verify_user_can_search_ValidWorker status=SUCCESS method=TestClass.verify_user_can_search_ValidWorker()[pri:26, instance:com.obsqura.scripts.TestClass@4d1bf319] output={null}]]]>
              </value>
            </param>
          </params>
          <reporter-output>
          </reporter-output>
        </test-method> <!-- tearDown -->
        <test-method signature="verify_CreateNewWorkerButton()[pri:27, instance:com.obsqura.scripts.TestClass@4d1bf319]" started-at="2022-08-24T05:55:41 PDT" name="verify_CreateNewWorkerButton" finished-at="2022-08-24T05:55:49 PDT" duration-ms="8033" status="PASS">
          <reporter-output>
          </reporter-output>
        </test-method> <!-- verify_CreateNewWorkerButton -->
        <test-method is-config="true" signature="tearDown(org.testng.ITestResult)[pri:0, instance:com.obsqura.scripts.TestClass@4d1bf319]" started-at="2022-08-24T05:55:49 PDT" name="tearDown" finished-at="2022-08-24T05:55:49 PDT" duration-ms="1" status="PASS">
          <params>
            <param index="0">
              <value>
                <![CDATA[[TestResult name=verify_CreateNewWorkerButton status=SUCCESS method=TestClass.verify_CreateNewWorkerButton()[pri:27, instance:com.obsqura.scripts.TestClass@4d1bf319] output={null}]]]>
              </value>
            </param>
          </params>
          <reporter-output>
          </reporter-output>
        </test-method> <!-- tearDown -->
        <test-method signature="verify_user_able_to_CreateNewWorker_with_mandatoryFields()[pri:28, instance:com.obsqura.scripts.TestClass@4d1bf319]" started-at="2022-08-24T05:55:49 PDT" name="verify_user_able_to_CreateNewWorker_with_mandatoryFields" finished-at="2022-08-24T05:55:56 PDT" duration-ms="6208" status="PASS">
          <reporter-output>
          </reporter-output>
        </test-method> <!-- verify_user_able_to_CreateNewWorker_with_mandatoryFields -->
        <test-method is-config="true" signature="tearDown(org.testng.ITestResult)[pri:0, instance:com.obsqura.scripts.TestClass@4d1bf319]" started-at="2022-08-24T05:55:56 PDT" name="tearDown" finished-at="2022-08-24T05:55:56 PDT" duration-ms="1" status="PASS">
          <params>
            <param index="0">
              <value>
                <![CDATA[[TestResult name=verify_user_able_to_CreateNewWorker_with_mandatoryFields status=SUCCESS method=TestClass.verify_user_able_to_CreateNewWorker_with_mandatoryFields()[pri:28, instance:com.obsqura.scripts.TestClass@4d1bf319] output={null}]]]>
              </value>
            </param>
          </params>
          <reporter-output>
          </reporter-output>
        </test-method> <!-- tearDown -->
      </class> <!-- com.obsqura.scripts.TestClass -->
    </test> <!-- RegressionTest -->
  </suite> <!-- Suite -->
</testng-results>
